<?xml version="1.0" encoding="UTF-8"?>
<testng-results ignored="0" total="3" passed="3" failed="0" skipped="0">
  <reporter-output>
  </reporter-output>
  <suite started-at="2022-04-15T13:08:17 IST" name="Default suite" finished-at="2022-04-15T13:08:25 IST" duration-ms="8539">
    <groups>
    </groups>
    <test started-at="2022-04-15T13:08:17 IST" name="Default test" finished-at="2022-04-15T13:08:25 IST" duration-ms="8539">
      <class name="com.TestCaseEmp.TC2_GetSingleEmp">
        <test-method is-config="true" signature="getSingleEmp()[pri:0, instance:com.TestCaseEmp.TC2_GetSingleEmp@1f97cf0d]" started-at="2022-04-15T13:08:17 IST" name="getSingleEmp" finished-at="2022-04-15T13:08:25 IST" duration-ms="8301" status="PASS">
          <reporter-output>
          </reporter-output>
        </test-method> <!-- getSingleEmp -->
        <test-method signature="checkResponseBody()[pri:0, instance:com.TestCaseEmp.TC2_GetSingleEmp@1f97cf0d]" started-at="2022-04-15T13:08:25 IST" name="checkResponseBody" finished-at="2022-04-15T13:08:25 IST" duration-ms="74" status="PASS">
          <reporter-output>
          </reporter-output>
        </test-method> <!-- checkResponseBody -->
        <test-method signature="checkStatusCode()[pri:0, instance:com.TestCaseEmp.TC2_GetSingleEmp@1f97cf0d]" started-at="2022-04-15T13:08:25 IST" name="checkStatusCode" finished-at="2022-04-15T13:08:25 IST" duration-ms="4" status="PASS">
          <reporter-output>
          </reporter-output>
        </test-method> <!-- checkStatusCode -->
        <test-method signature="checkStatusline()[pri:0, instance:com.TestCaseEmp.TC2_GetSingleEmp@1f97cf0d]" started-at="2022-04-15T13:08:25 IST" name="checkStatusline" finished-at="2022-04-15T13:08:25 IST" duration-ms="9" status="PASS">
          <reporter-output>
          </reporter-output>
        </test-method> <!-- checkStatusline -->
        <test-method is-config="true" signature="tearDown()[pri:0, instance:com.TestCaseEmp.TC2_GetSingleEmp@1f97cf0d]" started-at="2022-04-15T13:08:25 IST" name="tearDown" finished-at="2022-04-15T13:08:25 IST" duration-ms="6" status="PASS">
          <reporter-output>
          </reporter-output>
        </test-method> <!-- tearDown -->
      </class> <!-- com.TestCaseEmp.TC2_GetSingleEmp -->
    </test> <!-- Default test -->
  </suite> <!-- Default suite -->
</testng-results>
