<?xml version="1.0" encoding="UTF-8"?>
<!-- Generated by org.testng.reporters.JUnitXMLReporter -->
<testsuite ignored="0" hostname="DESKTOP-ADCV5S3" failures="0" tests="3" name="Default test" time="8.539" errors="0" timestamp="2022-04-15T13:08:26 IST">
  <testcase classname="com.TestCaseEmp.TC2_GetSingleEmp" name="checkResponseBody" time="0.074"/>
  <testcase classname="com.TestCaseEmp.TC2_GetSingleEmp" name="checkStatusCode" time="0.004"/>
  <testcase classname="com.TestCaseEmp.TC2_GetSingleEmp" name="checkStatusline" time="0.009"/>
</testsuite> <!-- Default test -->
